<?xml version="1.0" encoding="UTF-8"?>
<testng-results ignored="0" total="1" passed="1" failed="0" skipped="0">
  <reporter-output>
  </reporter-output>
  <suite started-at="2024-02-28T07:54:03 IST" name="Default suite" finished-at="2024-02-28T07:54:25 IST" duration-ms="22038">
    <groups>
    </groups>
    <test started-at="2024-02-28T07:54:03 IST" name="Default test" finished-at="2024-02-28T07:54:25 IST" duration-ms="22038">
      <class name="Academy_E2E_oldLectures.validateNAVbar">
        <test-method signature="titleverification()[pri:0, instance:Academy_E2E_oldLectures.validateNAVbar@4c583ecf]" started-at="2024-02-28T07:54:03 IST" name="titleverification" finished-at="2024-02-28T07:54:25 IST" duration-ms="21978" status="PASS">
          <reporter-output>
          </reporter-output>
        </test-method> <!-- titleverification -->
      </class> <!-- Academy_E2E_oldLectures.validateNAVbar -->
    </test> <!-- Default test -->
  </suite> <!-- Default suite -->
</testng-results>
